F:\Software Programming\SoftwareProgrammingAssessment\Visual Studio 2010\Projects\BlackJack\BlackJack\Debug\BlackJack.exe.embed.manifest
F:\SOFTWARE PROGRAMMING\SOFTWAREPROGRAMMINGASSESSMENT\VISUAL STUDIO 2010\PROJECTS\BLACKJACK\BLACKJACK\DEBUG\BLACKJACK.EXE.EMBED.MANIFEST.RES
F:\SOFTWARE PROGRAMMING\SOFTWAREPROGRAMMINGASSESSMENT\VISUAL STUDIO 2010\PROJECTS\BLACKJACK\BLACKJACK\DEBUG\BLACKJACK.EXE.INTERMEDIATE.MANIFEST
F:\SOFTWARE PROGRAMMING\SOFTWAREPROGRAMMINGASSESSMENT\VISUAL STUDIO 2010\PROJECTS\BLACKJACK\BLACKJACK\DEBUG\BLACKJACK.OBJ
F:\Software Programming\SoftwareProgrammingAssessment\Visual Studio 2010\Projects\BlackJack\BlackJack\Debug\BlackJack_manifest.rc
F:\Software Programming\SoftwareProgrammingAssessment\Visual Studio 2010\Projects\BlackJack\BlackJack\Debug\cl.command.1.tlog
F:\Software Programming\SoftwareProgrammingAssessment\Visual Studio 2010\Projects\BlackJack\BlackJack\Debug\CL.read.1.tlog
F:\Software Programming\SoftwareProgrammingAssessment\Visual Studio 2010\Projects\BlackJack\BlackJack\Debug\CL.write.1.tlog
F:\Software Programming\SoftwareProgrammingAssessment\Visual Studio 2010\Projects\BlackJack\BlackJack\Debug\link.3916.read.1.tlog
F:\Software Programming\SoftwareProgrammingAssessment\Visual Studio 2010\Projects\BlackJack\BlackJack\Debug\link.3916.write.1.tlog
F:\Software Programming\SoftwareProgrammingAssessment\Visual Studio 2010\Projects\BlackJack\BlackJack\Debug\link.3916-cvtres.read.1.tlog
F:\Software Programming\SoftwareProgrammingAssessment\Visual Studio 2010\Projects\BlackJack\BlackJack\Debug\link.3916-cvtres.write.1.tlog
F:\Software Programming\SoftwareProgrammingAssessment\Visual Studio 2010\Projects\BlackJack\BlackJack\Debug\link.6760.read.1.tlog
F:\Software Programming\SoftwareProgrammingAssessment\Visual Studio 2010\Projects\BlackJack\BlackJack\Debug\link.6760.write.1.tlog
F:\Software Programming\SoftwareProgrammingAssessment\Visual Studio 2010\Projects\BlackJack\BlackJack\Debug\link.6760-cvtres.read.1.tlog
F:\Software Programming\SoftwareProgrammingAssessment\Visual Studio 2010\Projects\BlackJack\BlackJack\Debug\link.6760-cvtres.write.1.tlog
F:\Software Programming\SoftwareProgrammingAssessment\Visual Studio 2010\Projects\BlackJack\BlackJack\Debug\link.7188.5596.read.1.tlog
F:\Software Programming\SoftwareProgrammingAssessment\Visual Studio 2010\Projects\BlackJack\BlackJack\Debug\link.7188.5596.write.1.tlog
F:\Software Programming\SoftwareProgrammingAssessment\Visual Studio 2010\Projects\BlackJack\BlackJack\Debug\link.7188.5596-cvtres.read.1.tlog
F:\Software Programming\SoftwareProgrammingAssessment\Visual Studio 2010\Projects\BlackJack\BlackJack\Debug\link.7188.5596-cvtres.write.1.tlog
F:\Software Programming\SoftwareProgrammingAssessment\Visual Studio 2010\Projects\BlackJack\BlackJack\Debug\link.7188.read.1.tlog
F:\Software Programming\SoftwareProgrammingAssessment\Visual Studio 2010\Projects\BlackJack\BlackJack\Debug\link.7188.write.1.tlog
F:\Software Programming\SoftwareProgrammingAssessment\Visual Studio 2010\Projects\BlackJack\BlackJack\Debug\link.7188-cvtres.read.1.tlog
F:\Software Programming\SoftwareProgrammingAssessment\Visual Studio 2010\Projects\BlackJack\BlackJack\Debug\link.7188-cvtres.write.1.tlog
F:\Software Programming\SoftwareProgrammingAssessment\Visual Studio 2010\Projects\BlackJack\BlackJack\Debug\link.command.1.tlog
F:\Software Programming\SoftwareProgrammingAssessment\Visual Studio 2010\Projects\BlackJack\BlackJack\Debug\link.read.1.tlog
F:\Software Programming\SoftwareProgrammingAssessment\Visual Studio 2010\Projects\BlackJack\BlackJack\Debug\link.write.1.tlog
F:\Software Programming\SoftwareProgrammingAssessment\Visual Studio 2010\Projects\BlackJack\BlackJack\Debug\link-cvtres.read.1.tlog
F:\Software Programming\SoftwareProgrammingAssessment\Visual Studio 2010\Projects\BlackJack\BlackJack\Debug\link-cvtres.write.1.tlog
F:\Software Programming\SoftwareProgrammingAssessment\Visual Studio 2010\Projects\BlackJack\BlackJack\Debug\mt.command.1.tlog
F:\Software Programming\SoftwareProgrammingAssessment\Visual Studio 2010\Projects\BlackJack\BlackJack\Debug\mt.read.1.tlog
F:\Software Programming\SoftwareProgrammingAssessment\Visual Studio 2010\Projects\BlackJack\BlackJack\Debug\mt.write.1.tlog
F:\Software Programming\SoftwareProgrammingAssessment\Visual Studio 2010\Projects\BlackJack\BlackJack\Debug\rc.command.1.tlog
F:\Software Programming\SoftwareProgrammingAssessment\Visual Studio 2010\Projects\BlackJack\BlackJack\Debug\rc.read.1.tlog
F:\Software Programming\SoftwareProgrammingAssessment\Visual Studio 2010\Projects\BlackJack\BlackJack\Debug\rc.write.1.tlog
F:\Software Programming\SoftwareProgrammingAssessment\Visual Studio 2010\Projects\BlackJack\BlackJack\Debug\vc100.idb
F:\SOFTWARE PROGRAMMING\SOFTWAREPROGRAMMINGASSESSMENT\VISUAL STUDIO 2010\PROJECTS\BLACKJACK\BLACKJACK\DEBUG\VC100.PDB
F:\SOFTWARE PROGRAMMING\SOFTWAREPROGRAMMINGASSESSMENT\VISUAL STUDIO 2010\PROJECTS\BLACKJACK\DEBUG\BLACKJACK.EXE
F:\SOFTWARE PROGRAMMING\SOFTWAREPROGRAMMINGASSESSMENT\VISUAL STUDIO 2010\PROJECTS\BLACKJACK\DEBUG\BLACKJACK.ILK
F:\SOFTWARE PROGRAMMING\SOFTWAREPROGRAMMINGASSESSMENT\VISUAL STUDIO 2010\PROJECTS\BLACKJACK\DEBUG\BLACKJACK.PDB
F:\VISUAL STUDIO 2010\PROJECTS\BLACKJACK\BLACKJACK\DEBUG\BLACKJACK.EXE.EMBED.MANIFEST
F:\VISUAL STUDIO 2010\PROJECTS\BLACKJACK\BLACKJACK\DEBUG\BLACKJACK.EXE.EMBED.MANIFEST.RES
F:\VISUAL STUDIO 2010\PROJECTS\BLACKJACK\BLACKJACK\DEBUG\BLACKJACK.OBJ
F:\VISUAL STUDIO 2010\PROJECTS\BLACKJACK\BLACKJACK\DEBUG\VC100.PDB
H:\SOFTWARE PROGRAMMING\SOFTWAREPROGRAMMINGASSESSMENT\VISUAL STUDIO 2010\PROJECTS\BLACKJACK\BLACKJACK\DEBUG\BLACKJACK.EXE.EMBED.MANIFEST
H:\SOFTWARE PROGRAMMING\SOFTWAREPROGRAMMINGASSESSMENT\VISUAL STUDIO 2010\PROJECTS\BLACKJACK\BLACKJACK\DEBUG\BLACKJACK.EXE.EMBED.MANIFEST.RES
H:\SOFTWARE PROGRAMMING\SOFTWAREPROGRAMMINGASSESSMENT\VISUAL STUDIO 2010\PROJECTS\BLACKJACK\BLACKJACK\DEBUG\BLACKJACK.EXE.INTERMEDIATE.MANIFEST
H:\SOFTWARE PROGRAMMING\SOFTWAREPROGRAMMINGASSESSMENT\VISUAL STUDIO 2010\PROJECTS\BLACKJACK\BLACKJACK\DEBUG\BLACKJACK.OBJ
H:\SOFTWARE PROGRAMMING\SOFTWAREPROGRAMMINGASSESSMENT\VISUAL STUDIO 2010\PROJECTS\BLACKJACK\BLACKJACK\DEBUG\VC100.PDB
H:\SOFTWARE PROGRAMMING\SOFTWAREPROGRAMMINGASSESSMENT\VISUAL STUDIO 2010\PROJECTS\BLACKJACK\DEBUG\BLACKJACK.EXE
H:\SOFTWARE PROGRAMMING\SOFTWAREPROGRAMMINGASSESSMENT\VISUAL STUDIO 2010\PROJECTS\BLACKJACK\DEBUG\BLACKJACK.ILK
H:\SOFTWARE PROGRAMMING\SOFTWAREPROGRAMMINGASSESSMENT\VISUAL STUDIO 2010\PROJECTS\BLACKJACK\DEBUG\BLACKJACK.PDB
