Build started 21/03/2014 15:57:20.
     1>Project "E:\Software Programming\Term1\SoftwareProgrammingAssessmentAlmostDone\Visual Studio 2010\Projects\BlackJack\BlackJack\BlackJack.vcxproj" on node 2 (build target(s)).
     1>InitializeBuildStatus:
         Creating "Debug\BlackJack.unsuccessfulbuild" because "AlwaysCreate" was specified.
       ClCompile:
         C:\Program Files (x86)\Microsoft Visual Studio 10.0\VC\bin\CL.exe /c /ZI /nologo /W4 /WX- /Od /Oy- /D _CRT_SECURE_NO_WARNINGS /D WIN32 /D _DEBUG /D _CONSOLE /D _UNICODE /D UNICODE /Gm /EHsc /RTC1 /MDd /GS /fp:precise /Zc:wchar_t /Zc:forScope /Fo"Debug\\" /Fd"Debug\vc100.pdb" /Gd /TP /analyze- /errorReport:prompt BlackJack.cpp
         BlackJack.cpp
     1>e:\software programming\term1\softwareprogrammingassessmentalmostdone\visual studio 2010\projects\blackjack\blackjack\blackjack.cpp(506): warning C4244: '=' : conversion from 'double' to 'int', possible loss of data
     1>e:\software programming\term1\softwareprogrammingassessmentalmostdone\visual studio 2010\projects\blackjack\blackjack\blackjack.cpp(539): warning C4706: assignment within conditional expression
       ManifestResourceCompile:
         All outputs are up-to-date.
       Link:
         C:\Program Files (x86)\Microsoft Visual Studio 10.0\VC\bin\link.exe /ERRORREPORT:PROMPT /OUT:"E:\Software Programming\Term1\SoftwareProgrammingAssessmentAlmostDone\Visual Studio 2010\Projects\BlackJack\Debug\BlackJack.exe" /INCREMENTAL /NOLOGO kernel32.lib user32.lib gdi32.lib winspool.lib comdlg32.lib advapi32.lib shell32.lib ole32.lib oleaut32.lib uuid.lib odbc32.lib odbccp32.lib /MANIFEST /ManifestFile:"Debug\BlackJack.exe.intermediate.manifest" /MANIFESTUAC:"level='asInvoker' uiAccess='false'" /DEBUG /PDB:"E:\Software Programming\Term1\SoftwareProgrammingAssessmentAlmostDone\Visual Studio 2010\Projects\BlackJack\Debug\BlackJack.pdb" /SUBSYSTEM:CONSOLE /TLBID:1 /DYNAMICBASE /NXCOMPAT /IMPLIB:"E:\Software Programming\Term1\SoftwareProgrammingAssessmentAlmostDone\Visual Studio 2010\Projects\BlackJack\Debug\BlackJack.lib" /MACHINE:X86 Debug\BlackJack.exe.embed.manifest.res
         Debug\BlackJack.obj
       Manifest:
         C:\Program Files (x86)\Microsoft SDKs\Windows\v7.0A\bin\mt.exe /nologo /verbose /out:"Debug\BlackJack.exe.embed.manifest" /manifest Debug\BlackJack.exe.intermediate.manifest
         All outputs are up-to-date.
       LinkEmbedManifest:
         All outputs are up-to-date.
         BlackJack.vcxproj -> E:\Software Programming\Term1\SoftwareProgrammingAssessmentAlmostDone\Visual Studio 2010\Projects\BlackJack\Debug\BlackJack.exe
       FinalizeBuildStatus:
         Deleting file "Debug\BlackJack.unsuccessfulbuild".
         Touching "Debug\BlackJack.lastbuildstate".
     1>Done Building Project "E:\Software Programming\Term1\SoftwareProgrammingAssessmentAlmostDone\Visual Studio 2010\Projects\BlackJack\BlackJack\BlackJack.vcxproj" (build target(s)).

Build succeeded.

Time Elapsed 00:00:40.63
